[
  {
    "_index": "so-beats-2022.10.21",
    "_type": "_doc",
    "_id": "p5M9-4MBqn-zbgNi1QBP",
    "_score": 12.011028,
    "metadata": {
      "beat": "winlogbeat",
      "ip_address": "192.168.125.10",
      "type": "_doc",
      "version": "7.17.1"
    },
    "agent": {
      "hostname": "asarea",
      "name": "asarea",
      "id": "6637b2dd-689f-4ab6-9581-34a1268d4a6d",
      "ephemeral_id": "cf4a3abc-4d74-4a05-affa-dd08e5306cb2",
      "type": "winlogbeat",
      "version": "7.17.1"
    },
    "process": {
      "parent": {
        "entity_id": "{93591ace-ae34-6348-1000-000000000700}",
        "command_line": "C:\\Windows\\system32\\svchost.exe -k DcomLaunch -p",
        "executable": "C:\\Windows\\System32\\svchost.exe"
      },
      "pe": {
        "file_version": "10.0.18362.1 (WinBuild.160101.0800)",
        "product": "Microsoft\u00ae Windows\u00ae Operating System",
        "description": "WMI Provider Host",
        "company": "Microsoft Corporation",
        "original_file_name": "Wmiprvse.exe"
      },
      "pid": "4856",
      "working_directory": "C:\\Windows\\system32\\",
      "entity_id": "{93591ace-bff2-6352-4e19-000000000700}",
      "executable": "C:\\Windows\\System32\\wbem\\WmiPrvSE.exe",
      "command_line": "C:\\Windows\\system32\\wbem\\wmiprvse.exe -secured -Embedding",
      "ppid": "808"
    },
    "winlog": {
      "computer_name": "asarea.vxnwua.net",
      "process": {
        "pid": 4176,
        "thread": {
          "id": 7140
        }
      },
      "channel": "Microsoft-Windows-Sysmon/Operational",
      "event_data": {
        "LogonGuid": "{93591ace-ae35-6348-e403-000000000000}",
        "TerminalSessionId": "0",
        "IntegrityLevel": "System",
        "ParentUser": "NT AUTHORITY\\SYSTEM",
        "UtcTime": "2022-10-21 15:51:14.451",
        "Hashes": "MD5=801E8003C257C8F540B20F1E0DECD3A6",
        "LogonId": "0x3e4",
        "RuleName": "-"
      },
      "opcode": "Info",
      "version": 5,
      "record_id": 6386012,
      "task": "Process Create (rule: ProcessCreate)",
      "event_id": "1",
      "provider_guid": "{5770385f-c22a-43e0-bf4c-06f5698ffbd9}",
      "api": "wineventlog",
      "provider_name": "Microsoft-Windows-Sysmon",
      "user": {
        "identifier": "S-1-5-18",
        "domain": "NT AUTHORITY",
        "name": "SYSTEM",
        "type": "User"
      }
    },
    "log": {
      "level": "information"
    },
    "message": "Process Create:\nRuleName: -\nUtcTime: 2022-10-21 15:51:14.451\nProcessGuid: {93591ace-bff2-6352-4e19-000000000700}\nProcessId: 4856\nImage: C:\\Windows\\System32\\wbem\\WmiPrvSE.exe\nFileVersion: 10.0.18362.1 (WinBuild.160101.0800)\nDescription: WMI Provider Host\nProduct: Microsoft\u00ae Windows\u00ae Operating System\nCompany: Microsoft Corporation\nOriginalFileName: Wmiprvse.exe\nCommandLine: C:\\Windows\\system32\\wbem\\wmiprvse.exe -secured -Embedding\nCurrentDirectory: C:\\Windows\\system32\\\nUser: NT AUTHORITY\\NETWORK SERVICE\nLogonGuid: {93591ace-ae35-6348-e403-000000000000}\nLogonId: 0x3E4\nTerminalSessionId: 0\nIntegrityLevel: System\nHashes: MD5=801E8003C257C8F540B20F1E0DECD3A6\nParentProcessGuid: {93591ace-ae34-6348-1000-000000000700}\nParentProcessId: 808\nParentImage: C:\\Windows\\System32\\svchost.exe\nParentCommandLine: C:\\Windows\\system32\\svchost.exe -k DcomLaunch -p\nParentUser: NT AUTHORITY\\SYSTEM",
    "tags": [
      "beat-ext",
      "beats_input_codec_plain_applied"
    ],
    "observer": {
      "name": "asarea.vxnwua.net"
    },
    "@timestamp": "2022-10-21T15:51:14.476Z",
    "ecs": {
      "version": "1.12.0"
    },
    "host": {
      "hostname": "asarea",
      "os": {
        "build": "18362.239",
        "kernel": "10.0.18362.239 (WinBuild.160101.0800)",
        "name": "Windows 10 Pro",
        "type": "windows",
        "family": "windows",
        "version": "10.0",
        "platform": "windows"
      },
      "ip": [
        "fe80::112c:2008:42d7:6c99",
        "192.168.125.10"
      ],
      "name": "asarea.vxnwua.net",
      "id": "93591ace-8aa7-449c-a6ea-adbb095693e4",
      "mac": [
        "e6:71:7f:aa:77:35"
      ],
      "architecture": "x86_64"
    },
    "@version": "1",
    "event": {
      "code": "1",
      "provider": "Microsoft-Windows-Sysmon",
      "created": "2022-10-21T15:51:15.633Z",
      "kind": "event",
      "module": "sysmon",
      "action": "Process Create (rule: ProcessCreate)",
      "category": "host,process",
      "dataset": "process_creation"
    },
    "user": {
      "name": "NT AUTHORITY\\NETWORK SERVICE"
    }
  },
  {
    "_index": "so-beats-2022.10.21",
    "_type": "_doc",
    "_id": "_pM9-4MBqn-zbgNi1QBi",
    "_score": 12.011028,
    "metadata": {
      "beat": "winlogbeat",
      "ip_address": "192.168.125.10",
      "type": "_doc",
      "version": "7.17.1"
    },
    "agent": {
      "hostname": "asarea",
      "name": "asarea",
      "id": "6637b2dd-689f-4ab6-9581-34a1268d4a6d",
      "ephemeral_id": "cf4a3abc-4d74-4a05-affa-dd08e5306cb2",
      "type": "winlogbeat",
      "version": "7.17.1"
    },
    "process": {
      "parent": {
        "entity_id": "{93591ace-ae33-6348-0b00-000000000700}",
        "command_line": "C:\\Windows\\system32\\services.exe",
        "executable": "C:\\Windows\\System32\\services.exe"
      },
      "pe": {
        "file_version": "10.0.18362.239 (WinBuild.160101.0800)",
        "product": "Microsoft\u00ae Windows\u00ae Operating System",
        "description": "Microsoft Software Protection Platform Service",
        "company": "Microsoft Corporation",
        "original_file_name": "sppsvc.exe"
      },
      "pid": "1828",
      "working_directory": "C:\\Windows",
      "entity_id": "{93591ace-bff3-6352-4f19-000000000700}",
      "executable": "C:\\Windows\\System32\\sppsvc.exe",
      "command_line": "C:\\Windows\\system32\\sppsvc.exe",
      "ppid": "612"
    },
    "winlog": {
      "computer_name": "asarea.vxnwua.net",
      "process": {
        "pid": 4176,
        "thread": {
          "id": 7140
        }
      },
      "channel": "Microsoft-Windows-Sysmon/Operational",
      "event_data": {
        "LogonGuid": "{93591ace-ae35-6348-e403-000000000000}",
        "TerminalSessionId": "0",
        "IntegrityLevel": "System",
        "ParentUser": "NT AUTHORITY\\SYSTEM",
        "UtcTime": "2022-10-21 15:51:15.015",
        "Hashes": "MD5=AAB634FA7C0EEEE6EE64C138A5FDBC89",
        "LogonId": "0x3e4",
        "RuleName": "-"
      },
      "opcode": "Info",
      "version": 5,
      "record_id": 6386151,
      "task": "Process Create (rule: ProcessCreate)",
      "event_id": "1",
      "provider_guid": "{5770385f-c22a-43e0-bf4c-06f5698ffbd9}",
      "api": "wineventlog",
      "provider_name": "Microsoft-Windows-Sysmon",
      "user": {
        "identifier": "S-1-5-18",
        "domain": "NT AUTHORITY",
        "name": "SYSTEM",
        "type": "User"
      }
    },
    "log": {
      "level": "information"
    },
    "message": "Process Create:\nRuleName: -\nUtcTime: 2022-10-21 15:51:15.015\nProcessGuid: {93591ace-bff3-6352-4f19-000000000700}\nProcessId: 1828\nImage: C:\\Windows\\System32\\sppsvc.exe\nFileVersion: 10.0.18362.239 (WinBuild.160101.0800)\nDescription: Microsoft Software Protection Platform Service\nProduct: Microsoft\u00ae Windows\u00ae Operating System\nCompany: Microsoft Corporation\nOriginalFileName: sppsvc.exe\nCommandLine: C:\\Windows\\system32\\sppsvc.exe\nCurrentDirectory: C:\\Windows\nUser: NT AUTHORITY\\NETWORK SERVICE\nLogonGuid: {93591ace-ae35-6348-e403-000000000000}\nLogonId: 0x3E4\nTerminalSessionId: 0\nIntegrityLevel: System\nHashes: MD5=AAB634FA7C0EEEE6EE64C138A5FDBC89\nParentProcessGuid: {93591ace-ae33-6348-0b00-000000000700}\nParentProcessId: 612\nParentImage: C:\\Windows\\System32\\services.exe\nParentCommandLine: C:\\Windows\\system32\\services.exe\nParentUser: NT AUTHORITY\\SYSTEM",
    "tags": [
      "beat-ext",
      "beats_input_codec_plain_applied"
    ],
    "observer": {
      "name": "asarea.vxnwua.net"
    },
    "@timestamp": "2022-10-21T15:51:15.050Z",
    "ecs": {
      "version": "1.12.0"
    },
    "host": {
      "hostname": "asarea",
      "os": {
        "build": "18362.239",
        "kernel": "10.0.18362.239 (WinBuild.160101.0800)",
        "name": "Windows 10 Pro",
        "type": "windows",
        "family": "windows",
        "version": "10.0",
        "platform": "windows"
      },
      "ip": [
        "fe80::112c:2008:42d7:6c99",
        "192.168.125.10"
      ],
      "name": "asarea.vxnwua.net",
      "id": "93591ace-8aa7-449c-a6ea-adbb095693e4",
      "mac": [
        "e6:71:7f:aa:77:35"
      ],
      "architecture": "x86_64"
    },
    "@version": "1",
    "event": {
      "code": "1",
      "provider": "Microsoft-Windows-Sysmon",
      "created": "2022-10-21T15:51:15.919Z",
      "kind": "event",
      "module": "sysmon",
      "action": "Process Create (rule: ProcessCreate)",
      "category": "host,process",
      "dataset": "process_creation"
    },
    "user": {
      "name": "NT AUTHORITY\\NETWORK SERVICE"
    }
  },
  {
    "_index": "so-beats-2022.10.21",
    "_type": "_doc",
    "_id": "RZI9-4MBqn-zbgNiyP4R",
    "_score": 12.011028,
    "metadata": {
      "beat": "winlogbeat",
      "ip_address": "192.168.125.10",
      "type": "_doc",
      "version": "7.17.1"
    },
    "agent": {
      "hostname": "asarea",
      "name": "asarea",
      "id": "6637b2dd-689f-4ab6-9581-34a1268d4a6d",
      "ephemeral_id": "cf4a3abc-4d74-4a05-affa-dd08e5306cb2",
      "type": "winlogbeat",
      "version": "7.17.1"
    },
    "process": {
      "parent": {
        "entity_id": "{93591ace-ae36-6348-1d00-000000000700}",
        "command_line": "C:\\Windows\\system32\\svchost.exe -k netsvcs -p -s Schedule",
        "executable": "C:\\Windows\\System32\\svchost.exe"
      },
      "pe": {
        "file_version": "10.0.18362.1 (WinBuild.160101.0800)",
        "product": "Microsoft\u00ae Windows\u00ae Operating System",
        "description": "Host Process for Windows Tasks",
        "company": "Microsoft Corporation",
        "original_file_name": "taskhostw.exe"
      },
      "pid": "9128",
      "working_directory": "C:\\Windows\\system32\\",
      "entity_id": "{93591ace-bfef-6352-4d19-000000000700}",
      "executable": "C:\\Windows\\System32\\taskhostw.exe",
      "command_line": "taskhostw.exe",
      "ppid": "1188"
    },
    "winlog": {
      "computer_name": "asarea.vxnwua.net",
      "process": {
        "pid": 4176,
        "thread": {
          "id": 7140
        }
      },
      "channel": "Microsoft-Windows-Sysmon/Operational",
      "event_data": {
        "LogonGuid": "{93591ace-ae33-6348-e703-000000000000}",
        "TerminalSessionId": "0",
        "IntegrityLevel": "System",
        "ParentUser": "NT AUTHORITY\\SYSTEM",
        "UtcTime": "2022-10-21 15:51:11.081",
        "Hashes": "MD5=DE1185DC5EA6E4A153AF5696C88E610D",
        "LogonId": "0x3e7",
        "RuleName": "-"
      },
      "opcode": "Info",
      "version": 5,
      "record_id": 6385092,
      "task": "Process Create (rule: ProcessCreate)",
      "event_id": "1",
      "provider_guid": "{5770385f-c22a-43e0-bf4c-06f5698ffbd9}",
      "api": "wineventlog",
      "provider_name": "Microsoft-Windows-Sysmon",
      "user": {
        "identifier": "S-1-5-18",
        "domain": "NT AUTHORITY",
        "name": "SYSTEM",
        "type": "User"
      }
    },
    "log": {
      "level": "information"
    },
    "message": "Process Create:\nRuleName: -\nUtcTime: 2022-10-21 15:51:11.081\nProcessGuid: {93591ace-bfef-6352-4d19-000000000700}\nProcessId: 9128\nImage: C:\\Windows\\System32\\taskhostw.exe\nFileVersion: 10.0.18362.1 (WinBuild.160101.0800)\nDescription: Host Process for Windows Tasks\nProduct: Microsoft\u00ae Windows\u00ae Operating System\nCompany: Microsoft Corporation\nOriginalFileName: taskhostw.exe\nCommandLine: taskhostw.exe\nCurrentDirectory: C:\\Windows\\system32\\\nUser: NT AUTHORITY\\SYSTEM\nLogonGuid: {93591ace-ae33-6348-e703-000000000000}\nLogonId: 0x3E7\nTerminalSessionId: 0\nIntegrityLevel: System\nHashes: MD5=DE1185DC5EA6E4A153AF5696C88E610D\nParentProcessGuid: {93591ace-ae36-6348-1d00-000000000700}\nParentProcessId: 1188\nParentImage: C:\\Windows\\System32\\svchost.exe\nParentCommandLine: C:\\Windows\\system32\\svchost.exe -k netsvcs -p -s Schedule\nParentUser: NT AUTHORITY\\SYSTEM",
    "tags": [
      "beat-ext",
      "beats_input_codec_plain_applied"
    ],
    "observer": {
      "name": "asarea.vxnwua.net"
    },
    "@timestamp": "2022-10-21T15:51:11.115Z",
    "ecs": {
      "version": "1.12.0"
    },
    "host": {
      "hostname": "asarea",
      "os": {
        "build": "18362.239",
        "kernel": "10.0.18362.239 (WinBuild.160101.0800)",
        "name": "Windows 10 Pro",
        "type": "windows",
        "family": "windows",
        "version": "10.0",
        "platform": "windows"
      },
      "ip": [
        "fe80::112c:2008:42d7:6c99",
        "192.168.125.10"
      ],
      "name": "asarea.vxnwua.net",
      "id": "93591ace-8aa7-449c-a6ea-adbb095693e4",
      "mac": [
        "e6:71:7f:aa:77:35"
      ],
      "architecture": "x86_64"
    },
    "@version": "1",
    "event": {
      "code": "1",
      "provider": "Microsoft-Windows-Sysmon",
      "created": "2022-10-21T15:51:11.972Z",
      "kind": "event",
      "module": "sysmon",
      "action": "Process Create (rule: ProcessCreate)",
      "category": "host,process",
      "dataset": "process_creation"
    },
    "user": {
      "name": "NT AUTHORITY\\SYSTEM"
    }
  }
]